<?xml version="1.0" encoding="UTF-8"?>
<testng-results skipped="0" failed="0" ignored="0" total="1" passed="1">
  <reporter-output>
  </reporter-output>
  <suite name="TestSuite" duration-ms="23140" started-at="2018-10-02T17:08:21Z" finished-at="2018-10-02T17:08:44Z">
    <groups>
    </groups>
    <test name="DemoTest" duration-ms="23140" started-at="2018-10-02T17:08:21Z" finished-at="2018-10-02T17:08:44Z">
      <class name="com.increvenue.test.IncRevenueDemoTest">
        <test-method status="PASS" signature="startServer(org.testng.ITestContext)[pri:0, instance:com.increvenue.test.IncRevenueDemoTest@78186a70]" name="startServer" is-config="true" duration-ms="71453" started-at="2018-10-02T17:07:10Z" finished-at="2018-10-02T17:08:21Z">
          <params>
            <param index="0">
              <value>
                <![CDATA[org.testng.TestRunner@5026735c]]>
              </value>
            </param>
          </params>
          <reporter-output>
          </reporter-output>
        </test-method> <!-- startServer -->
        <test-method status="PASS" signature="beforeTest()[pri:0, instance:com.increvenue.test.IncRevenueDemoTest@78186a70]" name="beforeTest" is-config="true" duration-ms="7113" started-at="2018-10-02T17:08:21Z" finished-at="2018-10-02T17:08:28Z">
          <reporter-output>
          </reporter-output>
        </test-method> <!-- beforeTest -->
        <test-method status="PASS" signature="incRevenueAssigmentOne()[pri:0, instance:com.increvenue.test.IncRevenueDemoTest@78186a70]" name="incRevenueAssigmentOne" duration-ms="14692" started-at="2018-10-02T17:08:28Z" description="download an APK file from any url and install it on device then run the test on the application" finished-at="2018-10-02T17:08:43Z">
          <reporter-output>
          </reporter-output>
        </test-method> <!-- incRevenueAssigmentOne -->
        <test-method status="PASS" signature="afterTest()[pri:0, instance:com.increvenue.test.IncRevenueDemoTest@78186a70]" name="afterTest" is-config="true" duration-ms="1310" started-at="2018-10-02T17:08:43Z" finished-at="2018-10-02T17:08:44Z">
          <reporter-output>
          </reporter-output>
        </test-method> <!-- afterTest -->
        <test-method status="PASS" signature="afterSuite()[pri:0, instance:com.increvenue.test.IncRevenueDemoTest@78186a70]" name="afterSuite" is-config="true" duration-ms="2723" started-at="2018-10-02T17:08:45Z" finished-at="2018-10-02T17:08:47Z">
          <reporter-output>
          </reporter-output>
        </test-method> <!-- afterSuite -->
      </class> <!-- com.increvenue.test.IncRevenueDemoTest -->
    </test> <!-- DemoTest -->
  </suite> <!-- TestSuite -->
</testng-results>
